[2022-02-05 11:07:57] [info]  [ 2020] Apache Commons Daemon procrun (1.2.4.0 64-bit) started.
[2022-02-05 11:07:57] [info]  [ 2020] Installing service 'Tomcat10' name 'Apache Tomcat 10.0 Tomcat10'.
[2022-02-05 11:07:57] [info]  [ 2020] Service 'Tomcat10' installed.
[2022-02-05 11:07:57] [info]  [ 2020] Apache Commons Daemon procrun finished.
[2022-02-05 11:07:57] [info]  [12636] Apache Commons Daemon procrun (1.2.4.0 64-bit) started.
[2022-02-05 11:07:57] [info]  [12636] Updating service...
[2022-02-05 11:07:57] [info]  [12636] Updated service 'Tomcat10'.
[2022-02-05 11:07:57] [info]  [12636] Finished updating service 'Tomcat10'.
[2022-02-05 11:07:57] [info]  [12636] Apache Commons Daemon procrun finished.
[2022-02-05 11:07:58] [info]  [21184] Apache Commons Daemon procrun (1.2.4.0 64-bit) started.
[2022-02-05 11:07:58] [info]  [21184] Updating service...
[2022-02-05 11:07:58] [info]  [21184] Updated service 'Tomcat10'.
[2022-02-05 11:07:58] [info]  [21184] Finished updating service 'Tomcat10'.
[2022-02-05 11:07:58] [info]  [21184] Apache Commons Daemon procrun finished.
[2022-02-05 11:07:59] [info]  [ 8448] Apache Commons Daemon procrun (1.2.4.0 64-bit) started.
[2022-02-05 11:07:59] [info]  [ 8448] Updating service...
[2022-02-05 11:07:59] [info]  [ 8448] Updated service 'Tomcat10'.
[2022-02-05 11:07:59] [info]  [ 8448] Finished updating service 'Tomcat10'.
[2022-02-05 11:07:59] [info]  [ 8448] Apache Commons Daemon procrun finished.
[2022-02-05 11:07:59] [info]  [ 8928] Apache Commons Daemon procrun (1.2.4.0 64-bit) started.
[2022-02-05 11:07:59] [info]  [ 8928] Updating service...
[2022-02-05 11:07:59] [info]  [ 8928] Updated service 'Tomcat10'.
[2022-02-05 11:07:59] [info]  [ 8928] Finished updating service 'Tomcat10'.
[2022-02-05 11:07:59] [info]  [ 8928] Apache Commons Daemon procrun finished.
[2022-02-05 11:07:59] [info]  [ 4784] Apache Commons Daemon procrun (1.2.4.0 64-bit) started.
[2022-02-05 11:07:59] [info]  [ 4784] Updating service...
[2022-02-05 11:07:59] [info]  [ 4784] Updated service 'Tomcat10'.
[2022-02-05 11:07:59] [info]  [ 4784] Finished updating service 'Tomcat10'.
[2022-02-05 11:07:59] [info]  [ 4784] Apache Commons Daemon procrun finished.
[2022-02-05 11:08:47] [info]  [ 3856] Apache Commons Daemon procrun (1.2.4.0 64-bit) started.
[2022-02-05 11:08:47] [info]  [ 3856] Running Service 'Tomcat10'...
[2022-02-05 11:08:47] [info]  [19088] Starting service...
[2022-02-05 11:08:48] [info]  [19088] Service started in 1487 milliseconds.
[2022-02-05 13:27:29] [info]  [20944] Apache Commons Daemon procrun (1.2.4.0 64-bit) started.
[2022-02-05 13:27:29] [info]  [20944] Debugging 'Tomcat10' service...
[2022-02-05 13:27:29] [info]  [20944] Starting service...
[2022-02-05 13:27:30] [info]  [20944] Service started in 1254 milliseconds.
[2022-02-05 13:28:41] [info]  [ 9180] Console CTRL+CLOSE event signaled.
[2022-02-05 13:28:41] [info]  [ 9180] Stopping service...
[2022-02-05 13:28:42] [info]  [ 9180] Service stop thread completed.
[2022-02-05 13:28:42] [info]  [22012] Console CTRL+BREAK event signaled.
[2022-02-05 13:31:12] [info]  [22592] Apache Commons Daemon procrun (1.2.4.0 64-bit) started.
[2022-02-05 13:31:12] [info]  [22592] Debugging 'Tomcat10' service...
[2022-02-05 13:31:12] [info]  [22592] Starting service...
[2022-02-05 13:31:13] [info]  [22592] Service started in 1226 milliseconds.
[2022-02-05 13:32:03] [info]  [11644] Console CTRL+CLOSE event signaled.
[2022-02-05 13:32:03] [info]  [11644] Stopping service...
[2022-02-05 13:32:04] [info]  [11644] Service stop thread completed.
[2022-02-05 13:32:04] [info]  [14592] Console CTRL+BREAK event signaled.
[2022-02-05 13:33:32] [info]  [ 8488] Apache Commons Daemon procrun (1.2.4.0 64-bit) started.
[2022-02-05 13:33:32] [info]  [ 8488] Debugging 'Tomcat10' service...
[2022-02-05 13:33:32] [info]  [ 8488] Starting service...
[2022-02-05 13:33:33] [info]  [ 8488] Service started in 1222 milliseconds.
[2022-02-05 13:34:38] [info]  [23280] Console CTRL+C event signaled.
[2022-02-05 13:34:38] [info]  [23280] Stopping service...
[2022-02-05 13:34:39] [info]  [23280] Service stop thread completed.
[2022-02-05 13:34:39] [info]  [ 8488] Debug service finished with exit code 0.
[2022-02-05 13:34:39] [info]  [ 8488] Apache Commons Daemon procrun finished.
[2022-02-05 13:34:39] [info]  [ 6864] Console CTRL+BREAK event signaled.
[2022-02-05 13:35:45] [info]  [ 5076] Apache Commons Daemon procrun (1.2.4.0 64-bit) started.
[2022-02-05 13:35:45] [info]  [ 5076] Debugging 'Tomcat10' service...
[2022-02-05 13:35:45] [info]  [ 5076] Starting service...
[2022-02-05 13:35:46] [info]  [ 5076] Service started in 1238 milliseconds.
[2022-02-05 13:36:42] [info]  [12708] Console CTRL+CLOSE event signaled.
[2022-02-05 13:36:42] [info]  [12708] Stopping service...
[2022-02-05 13:36:43] [info]  [12708] Service stop thread completed.
[2022-02-05 13:36:43] [info]  [22664] Console CTRL+BREAK event signaled.
[2022-02-05 13:38:10] [info]  [15304] Apache Commons Daemon procrun (1.2.4.0 64-bit) started.
[2022-02-05 13:38:10] [info]  [15304] Debugging 'Tomcat10' service...
[2022-02-05 13:38:10] [info]  [15304] Starting service...
[2022-02-05 13:38:12] [info]  [15304] Service started in 1227 milliseconds.
[2022-02-05 13:39:43] [info]  [17432] Console CTRL+CLOSE event signaled.
[2022-02-05 13:39:43] [info]  [17432] Stopping service...
[2022-02-05 13:39:44] [info]  [17432] Service stop thread completed.
[2022-02-05 13:39:44] [info]  [ 9712] Console CTRL+BREAK event signaled.
[2022-02-05 13:40:34] [info]  [ 5772] Apache Commons Daemon procrun (1.2.4.0 64-bit) started.
[2022-02-05 13:40:34] [info]  [ 5772] Debugging 'Tomcat10' service...
[2022-02-05 13:40:34] [info]  [ 5772] Starting service...
[2022-02-05 13:40:35] [info]  [ 5772] Service started in 1213 milliseconds.
[2022-02-05 13:41:04] [info]  [19100] Console CTRL+CLOSE event signaled.
[2022-02-05 13:41:04] [info]  [19100] Stopping service...
[2022-02-05 13:41:05] [info]  [19100] Service stop thread completed.
[2022-02-05 13:41:05] [info]  [18124] Console CTRL+BREAK event signaled.
[2022-02-05 13:42:03] [info]  [ 6308] Apache Commons Daemon procrun (1.2.4.0 64-bit) started.
[2022-02-05 13:42:03] [info]  [ 6308] Debugging 'Tomcat10' service...
[2022-02-05 13:42:03] [info]  [ 6308] Starting service...
[2022-02-05 13:42:04] [info]  [ 6308] Service started in 1225 milliseconds.
[2022-02-05 13:43:05] [info]  [22848] Console CTRL+CLOSE event signaled.
[2022-02-05 13:43:05] [info]  [22848] Stopping service...
[2022-02-05 13:43:06] [info]  [22848] Service stop thread completed.
[2022-02-05 13:43:06] [info]  [21788] Console CTRL+BREAK event signaled.
[2022-02-05 13:49:30] [info]  [14508] Apache Commons Daemon procrun (1.2.4.0 64-bit) started.
[2022-02-05 13:49:30] [info]  [14508] Debugging 'Tomcat10' service...
[2022-02-05 13:49:30] [info]  [14508] Starting service...
[2022-02-05 13:49:31] [info]  [14508] Service started in 1223 milliseconds.
[2022-02-05 13:50:02] [info]  [10848] Console CTRL+CLOSE event signaled.
[2022-02-05 13:50:02] [info]  [10848] Stopping service...
[2022-02-05 13:50:03] [info]  [10848] Service stop thread completed.
[2022-02-05 13:50:03] [info]  [22376] Console CTRL+BREAK event signaled.
[2022-02-05 19:39:29] [info]  [22412] Apache Commons Daemon procrun (1.2.4.0 64-bit) started.
[2022-02-05 19:39:29] [info]  [22412] Debugging 'Tomcat10' service...
[2022-02-05 19:39:29] [info]  [22412] Starting service...
[2022-02-05 19:39:31] [info]  [22412] Service started in 1231 milliseconds.
[2022-02-05 19:45:50] [info]  [15544] Console CTRL+CLOSE event signaled.
[2022-02-05 19:45:50] [info]  [15544] Stopping service...
[2022-02-05 19:45:51] [info]  [15544] Service stop thread completed.
[2022-02-05 19:45:51] [info]  [23432] Console CTRL+BREAK event signaled.
[2022-02-05 19:46:03] [info]  [ 2932] Apache Commons Daemon procrun (1.2.4.0 64-bit) started.
[2022-02-05 19:46:03] [info]  [ 2932] Debugging 'Tomcat10' service...
[2022-02-05 19:46:03] [info]  [ 2932] Starting service...
[2022-02-05 19:46:04] [info]  [ 2932] Service started in 1215 milliseconds.
[2022-02-05 19:46:40] [info]  [15708] Console CTRL+CLOSE event signaled.
[2022-02-05 19:46:40] [info]  [15708] Stopping service...
[2022-02-05 19:46:41] [info]  [15708] Service stop thread completed.
[2022-02-05 19:46:41] [info]  [21568] Console CTRL+BREAK event signaled.
[2022-02-05 19:55:29] [info]  [ 6912] Apache Commons Daemon procrun (1.2.4.0 64-bit) started.
[2022-02-05 19:55:29] [info]  [ 6912] Debugging 'Tomcat10' service...
[2022-02-05 19:55:29] [info]  [ 6912] Starting service...
[2022-02-05 19:55:30] [info]  [ 6912] Service started in 1253 milliseconds.
[2022-02-05 19:59:43] [info]  [13172] Console CTRL+CLOSE event signaled.
[2022-02-05 19:59:43] [info]  [13172] Stopping service...
[2022-02-05 19:59:44] [info]  [13172] Service stop thread completed.
[2022-02-05 19:59:44] [info]  [18968] Console CTRL+BREAK event signaled.
[2022-02-05 20:00:34] [info]  [22512] Apache Commons Daemon procrun (1.2.4.0 64-bit) started.
[2022-02-05 20:00:34] [info]  [22512] Debugging 'Tomcat10' service...
[2022-02-05 20:00:34] [info]  [22512] Starting service...
[2022-02-05 20:00:35] [info]  [22512] Service started in 1234 milliseconds.
[2022-02-05 20:01:09] [info]  [15888] Console CTRL+CLOSE event signaled.
[2022-02-05 20:01:09] [info]  [15888] Stopping service...
[2022-02-05 20:01:10] [info]  [15888] Service stop thread completed.
[2022-02-05 20:01:10] [info]  [21780] Console CTRL+BREAK event signaled.
[2022-02-05 20:21:35] [info]  [23204] Apache Commons Daemon procrun (1.2.4.0 64-bit) started.
[2022-02-05 20:21:35] [info]  [23204] Debugging 'Tomcat10' service...
[2022-02-05 20:21:35] [info]  [23204] Starting service...
[2022-02-05 20:21:36] [info]  [23204] Service started in 1230 milliseconds.
[2022-02-05 20:31:50] [info]  [19472] Apache Commons Daemon procrun (1.2.4.0 64-bit) started.
[2022-02-05 20:31:50] [info]  [19472] Debugging 'Tomcat10' service...
[2022-02-05 20:31:50] [info]  [19472] Starting service...
[2022-02-05 20:31:52] [info]  [19472] Service started in 1293 milliseconds.
[2022-02-05 20:32:45] [info]  [16212] Console CTRL+CLOSE event signaled.
[2022-02-05 20:32:45] [info]  [16212] Stopping service...
[2022-02-05 20:32:46] [info]  [16212] Service stop thread completed.
[2022-02-05 20:32:46] [info]  [20296] Console CTRL+BREAK event signaled.
[2022-02-05 20:32:46] [info]  [18564] Console CTRL+BREAK event signaled.
[2022-02-05 20:59:18] [info]  [23460] Apache Commons Daemon procrun (1.2.4.0 64-bit) started.
[2022-02-05 20:59:19] [info]  [23460] Debugging 'Tomcat10' service...
[2022-02-05 20:59:19] [info]  [23460] Starting service...
[2022-02-05 20:59:20] [info]  [23460] Service started in 1287 milliseconds.
[2022-02-05 20:59:23] [info]  [ 7592] Console CTRL+CLOSE event signaled.
[2022-02-05 20:59:23] [info]  [ 7592] Stopping service...
[2022-02-05 20:59:24] [info]  [ 7592] Service stop thread completed.
[2022-02-05 20:59:24] [info]  [19100] Console CTRL+BREAK event signaled.
[2022-02-05 20:59:24] [info]  [ 3984] Console CTRL+BREAK event signaled.
[2022-02-05 20:59:28] [info]  [19480] Console CTRL+CLOSE event signaled.
[2022-02-05 20:59:28] [info]  [19480] Stopping service...
[2022-02-05 20:59:29] [info]  [19480] Service stop thread completed.
[2022-02-05 20:59:29] [info]  [21524] Console CTRL+BREAK event signaled.
[2022-02-05 20:59:31] [info]  [11388] Apache Commons Daemon procrun (1.2.4.0 64-bit) started.
[2022-02-05 20:59:31] [info]  [11388] Debugging 'Tomcat10' service...
[2022-02-05 20:59:31] [info]  [11388] Starting service...
[2022-02-05 20:59:32] [info]  [11388] Service started in 1212 milliseconds.
[2022-02-05 21:04:44] [info]  [22540] Console CTRL+CLOSE event signaled.
[2022-02-05 21:04:44] [info]  [22540] Stopping service...
[2022-02-05 21:04:45] [info]  [22540] Service stop thread completed.
[2022-02-05 21:04:45] [info]  [ 7156] Console CTRL+BREAK event signaled.
[2022-02-05 21:04:46] [info]  [20872] Apache Commons Daemon procrun (1.2.4.0 64-bit) started.
[2022-02-05 21:04:46] [info]  [20872] Debugging 'Tomcat10' service...
[2022-02-05 21:04:46] [info]  [20872] Starting service...
[2022-02-05 21:04:47] [info]  [20872] Service started in 1231 milliseconds.
[2022-02-05 22:05:09] [info]  [ 5948] Console CTRL+CLOSE event signaled.
[2022-02-05 22:05:09] [info]  [ 5948] Stopping service...
[2022-02-05 22:05:10] [info]  [ 5948] Service stop thread completed.
[2022-02-05 22:05:10] [info]  [23200] Console CTRL+BREAK event signaled.
[2022-02-05 22:05:16] [info]  [11352] Apache Commons Daemon procrun (1.2.4.0 64-bit) started.
[2022-02-05 22:05:16] [info]  [11352] Debugging 'Tomcat10' service...
[2022-02-05 22:05:16] [info]  [11352] Starting service...
[2022-02-05 22:05:17] [info]  [11352] Service started in 1221 milliseconds.
[2022-02-05 22:05:46] [info]  [23448] Console CTRL+CLOSE event signaled.
[2022-02-05 22:05:46] [info]  [23448] Stopping service...
[2022-02-05 22:05:47] [info]  [23448] Service stop thread completed.
[2022-02-05 22:05:47] [info]  [14628] Console CTRL+BREAK event signaled.
[2022-02-05 22:12:04] [info]  [ 6596] Apache Commons Daemon procrun (1.2.4.0 64-bit) started.
[2022-02-05 22:12:04] [info]  [ 6596] Debugging 'Tomcat10' service...
[2022-02-05 22:12:04] [info]  [ 6596] Starting service...
[2022-02-05 22:12:05] [info]  [ 6596] Service started in 1226 milliseconds.
[2022-02-05 22:12:51] [info]  [ 9016] Console CTRL+CLOSE event signaled.
[2022-02-05 22:12:51] [info]  [ 9016] Stopping service...
[2022-02-05 22:12:52] [info]  [ 9016] Service stop thread completed.
[2022-02-05 22:12:52] [info]  [11512] Console CTRL+BREAK event signaled.
[2022-02-05 22:18:28] [info]  [ 2056] Apache Commons Daemon procrun (1.2.4.0 64-bit) started.
[2022-02-05 22:18:28] [info]  [ 2056] Debugging 'Tomcat10' service...
[2022-02-05 22:18:28] [info]  [ 2056] Starting service...
[2022-02-05 22:18:30] [info]  [ 2056] Service started in 1223 milliseconds.
[2022-02-05 22:18:51] [info]  [18104] Console CTRL+CLOSE event signaled.
[2022-02-05 22:18:51] [info]  [18104] Stopping service...
[2022-02-05 22:18:52] [info]  [18104] Service stop thread completed.
[2022-02-05 22:18:52] [info]  [ 3412] Console CTRL+BREAK event signaled.
[2022-02-05 22:20:52] [info]  [20508] Apache Commons Daemon procrun (1.2.4.0 64-bit) started.
[2022-02-05 22:20:52] [info]  [20508] Debugging 'Tomcat10' service...
[2022-02-05 22:20:52] [info]  [20508] Starting service...
[2022-02-05 22:20:53] [info]  [20508] Service started in 1208 milliseconds.
[2022-02-05 22:21:13] [info]  [21424] Console CTRL+CLOSE event signaled.
[2022-02-05 22:21:13] [info]  [21424] Stopping service...
[2022-02-05 22:21:14] [info]  [21424] Service stop thread completed.
[2022-02-05 22:21:14] [info]  [19388] Console CTRL+BREAK event signaled.
[2022-02-05 22:23:14] [info]  [ 1640] Apache Commons Daemon procrun (1.2.4.0 64-bit) started.
[2022-02-05 22:23:14] [info]  [ 1640] Debugging 'Tomcat10' service...
[2022-02-05 22:23:14] [info]  [ 1640] Starting service...
[2022-02-05 22:23:15] [info]  [ 1640] Service started in 1228 milliseconds.
[2022-02-05 22:23:29] [info]  [22604] Console CTRL+CLOSE event signaled.
[2022-02-05 22:23:29] [info]  [22604] Stopping service...
[2022-02-05 22:23:30] [info]  [22604] Service stop thread completed.
[2022-02-05 22:23:30] [info]  [ 7420] Console CTRL+BREAK event signaled.
[2022-02-05 22:25:01] [info]  [23444] Apache Commons Daemon procrun (1.2.4.0 64-bit) started.
[2022-02-05 22:25:01] [info]  [23444] Debugging 'Tomcat10' service...
[2022-02-05 22:25:01] [info]  [23444] Starting service...
[2022-02-05 22:25:02] [info]  [23444] Service started in 1221 milliseconds.
[2022-02-05 22:25:23] [info]  [ 3280] Console CTRL+CLOSE event signaled.
[2022-02-05 22:25:23] [info]  [ 3280] Stopping service...
[2022-02-05 22:25:24] [info]  [ 3280] Service stop thread completed.
[2022-02-05 22:25:24] [info]  [17168] Console CTRL+BREAK event signaled.
