05-Feb-2022 11:08:49.926 INFO [main] org.apache.catalina.core.ApplicationContext.log ContextListener: contextInitialized()
05-Feb-2022 11:08:49.926 INFO [main] org.apache.catalina.core.ApplicationContext.log SessionListener: contextInitialized()
05-Feb-2022 11:08:49.929 INFO [main] org.apache.catalina.core.ApplicationContext.log ContextListener: attributeAdded('StockTicker', 'async.Stockticker@6a2b953e')
05-Feb-2022 13:27:31.632 INFO [main] org.apache.catalina.core.ApplicationContext.log ContextListener: contextInitialized()
05-Feb-2022 13:27:31.633 INFO [main] org.apache.catalina.core.ApplicationContext.log SessionListener: contextInitialized()
05-Feb-2022 13:27:31.635 INFO [main] org.apache.catalina.core.ApplicationContext.log ContextListener: attributeAdded('StockTicker', 'async.Stockticker@53aad5d5')
05-Feb-2022 13:28:41.065 INFO [Thread-4] org.apache.catalina.core.ApplicationContext.log SessionListener: contextDestroyed()
05-Feb-2022 13:28:41.065 INFO [Thread-4] org.apache.catalina.core.ApplicationContext.log ContextListener: contextDestroyed()
05-Feb-2022 13:31:14.655 INFO [main] org.apache.catalina.core.ApplicationContext.log ContextListener: contextInitialized()
05-Feb-2022 13:31:14.655 INFO [main] org.apache.catalina.core.ApplicationContext.log SessionListener: contextInitialized()
05-Feb-2022 13:31:14.657 INFO [main] org.apache.catalina.core.ApplicationContext.log ContextListener: attributeAdded('StockTicker', 'async.Stockticker@41c2284a')
05-Feb-2022 13:32:03.861 INFO [Thread-4] org.apache.catalina.core.ApplicationContext.log SessionListener: contextDestroyed()
05-Feb-2022 13:32:03.861 INFO [Thread-4] org.apache.catalina.core.ApplicationContext.log ContextListener: contextDestroyed()
05-Feb-2022 13:33:34.557 INFO [main] org.apache.catalina.core.ApplicationContext.log ContextListener: contextInitialized()
05-Feb-2022 13:33:34.557 INFO [main] org.apache.catalina.core.ApplicationContext.log SessionListener: contextInitialized()
05-Feb-2022 13:33:34.559 INFO [main] org.apache.catalina.core.ApplicationContext.log ContextListener: attributeAdded('StockTicker', 'async.Stockticker@53aad5d5')
05-Feb-2022 13:34:38.125 INFO [Thread-4] org.apache.catalina.core.ApplicationContext.log SessionListener: contextDestroyed()
05-Feb-2022 13:34:38.125 INFO [Thread-4] org.apache.catalina.core.ApplicationContext.log ContextListener: contextDestroyed()
05-Feb-2022 13:35:47.714 INFO [main] org.apache.catalina.core.ApplicationContext.log ContextListener: contextInitialized()
05-Feb-2022 13:35:47.714 INFO [main] org.apache.catalina.core.ApplicationContext.log SessionListener: contextInitialized()
05-Feb-2022 13:35:47.716 INFO [main] org.apache.catalina.core.ApplicationContext.log ContextListener: attributeAdded('StockTicker', 'async.Stockticker@46fa7c39')
05-Feb-2022 13:36:42.961 INFO [Thread-4] org.apache.catalina.core.ApplicationContext.log SessionListener: contextDestroyed()
05-Feb-2022 13:36:42.961 INFO [Thread-4] org.apache.catalina.core.ApplicationContext.log ContextListener: contextDestroyed()
05-Feb-2022 13:38:12.902 INFO [main] org.apache.catalina.core.ApplicationContext.log ContextListener: contextInitialized()
05-Feb-2022 13:38:12.902 INFO [main] org.apache.catalina.core.ApplicationContext.log SessionListener: contextInitialized()
05-Feb-2022 13:38:12.904 INFO [main] org.apache.catalina.core.ApplicationContext.log ContextListener: attributeAdded('StockTicker', 'async.Stockticker@53aad5d5')
05-Feb-2022 13:39:43.902 INFO [Thread-4] org.apache.catalina.core.ApplicationContext.log SessionListener: contextDestroyed()
05-Feb-2022 13:39:43.903 INFO [Thread-4] org.apache.catalina.core.ApplicationContext.log ContextListener: contextDestroyed()
05-Feb-2022 13:40:36.436 INFO [main] org.apache.catalina.core.ApplicationContext.log ContextListener: contextInitialized()
05-Feb-2022 13:40:36.436 INFO [main] org.apache.catalina.core.ApplicationContext.log SessionListener: contextInitialized()
05-Feb-2022 13:40:36.438 INFO [main] org.apache.catalina.core.ApplicationContext.log ContextListener: attributeAdded('StockTicker', 'async.Stockticker@53aad5d5')
05-Feb-2022 13:41:04.597 INFO [Thread-4] org.apache.catalina.core.ApplicationContext.log SessionListener: contextDestroyed()
05-Feb-2022 13:41:04.597 INFO [Thread-4] org.apache.catalina.core.ApplicationContext.log ContextListener: contextDestroyed()
05-Feb-2022 13:42:05.806 INFO [main] org.apache.catalina.core.ApplicationContext.log ContextListener: contextInitialized()
05-Feb-2022 13:42:05.806 INFO [main] org.apache.catalina.core.ApplicationContext.log SessionListener: contextInitialized()
05-Feb-2022 13:42:05.808 INFO [main] org.apache.catalina.core.ApplicationContext.log ContextListener: attributeAdded('StockTicker', 'async.Stockticker@53aad5d5')
05-Feb-2022 13:43:05.514 INFO [Thread-4] org.apache.catalina.core.ApplicationContext.log SessionListener: contextDestroyed()
05-Feb-2022 13:43:05.514 INFO [Thread-4] org.apache.catalina.core.ApplicationContext.log ContextListener: contextDestroyed()
05-Feb-2022 13:49:32.326 INFO [main] org.apache.catalina.core.ApplicationContext.log ContextListener: contextInitialized()
05-Feb-2022 13:49:32.326 INFO [main] org.apache.catalina.core.ApplicationContext.log SessionListener: contextInitialized()
05-Feb-2022 13:49:32.342 INFO [main] org.apache.catalina.core.ApplicationContext.log ContextListener: attributeAdded('StockTicker', 'async.Stockticker@41c2284a')
05-Feb-2022 13:50:02.527 INFO [Thread-4] org.apache.catalina.core.ApplicationContext.log SessionListener: contextDestroyed()
05-Feb-2022 13:50:02.527 INFO [Thread-4] org.apache.catalina.core.ApplicationContext.log ContextListener: contextDestroyed()
05-Feb-2022 19:39:31.840 INFO [main] org.apache.catalina.core.ApplicationContext.log ContextListener: contextInitialized()
05-Feb-2022 19:39:31.840 INFO [main] org.apache.catalina.core.ApplicationContext.log SessionListener: contextInitialized()
05-Feb-2022 19:39:31.840 INFO [main] org.apache.catalina.core.ApplicationContext.log ContextListener: attributeAdded('StockTicker', 'async.Stockticker@d21a74c')
05-Feb-2022 19:45:50.268 INFO [Thread-4] org.apache.catalina.core.ApplicationContext.log SessionListener: contextDestroyed()
05-Feb-2022 19:45:50.268 INFO [Thread-4] org.apache.catalina.core.ApplicationContext.log ContextListener: contextDestroyed()
05-Feb-2022 19:46:05.434 INFO [main] org.apache.catalina.core.ApplicationContext.log ContextListener: contextInitialized()
05-Feb-2022 19:46:05.434 INFO [main] org.apache.catalina.core.ApplicationContext.log SessionListener: contextInitialized()
05-Feb-2022 19:46:05.434 INFO [main] org.apache.catalina.core.ApplicationContext.log ContextListener: attributeAdded('StockTicker', 'async.Stockticker@6e509ffa')
05-Feb-2022 19:46:40.605 INFO [Thread-4] org.apache.catalina.core.ApplicationContext.log SessionListener: contextDestroyed()
05-Feb-2022 19:46:40.605 INFO [Thread-4] org.apache.catalina.core.ApplicationContext.log ContextListener: contextDestroyed()
05-Feb-2022 19:55:31.270 INFO [main] org.apache.catalina.core.ApplicationContext.log ContextListener: contextInitialized()
05-Feb-2022 19:55:31.270 INFO [main] org.apache.catalina.core.ApplicationContext.log SessionListener: contextInitialized()
05-Feb-2022 19:55:31.274 INFO [main] org.apache.catalina.core.ApplicationContext.log ContextListener: attributeAdded('StockTicker', 'async.Stockticker@2898ac89')
05-Feb-2022 19:59:43.312 INFO [Thread-4] org.apache.catalina.core.ApplicationContext.log SessionListener: contextDestroyed()
05-Feb-2022 19:59:43.313 INFO [Thread-4] org.apache.catalina.core.ApplicationContext.log ContextListener: contextDestroyed()
05-Feb-2022 20:00:36.432 INFO [main] org.apache.catalina.core.ApplicationContext.log ContextListener: contextInitialized()
05-Feb-2022 20:00:36.432 INFO [main] org.apache.catalina.core.ApplicationContext.log SessionListener: contextInitialized()
05-Feb-2022 20:00:36.435 INFO [main] org.apache.catalina.core.ApplicationContext.log ContextListener: attributeAdded('StockTicker', 'async.Stockticker@2898ac89')
05-Feb-2022 20:01:09.489 INFO [Thread-4] org.apache.catalina.core.ApplicationContext.log SessionListener: contextDestroyed()
05-Feb-2022 20:01:09.489 INFO [Thread-4] org.apache.catalina.core.ApplicationContext.log ContextListener: contextDestroyed()
05-Feb-2022 20:21:37.733 INFO [main] org.apache.catalina.core.ApplicationContext.log ContextListener: contextInitialized()
05-Feb-2022 20:21:37.733 INFO [main] org.apache.catalina.core.ApplicationContext.log SessionListener: contextInitialized()
05-Feb-2022 20:21:37.749 INFO [main] org.apache.catalina.core.ApplicationContext.log ContextListener: attributeAdded('StockTicker', 'async.Stockticker@2898ac89')
05-Feb-2022 20:31:53.120 INFO [main] org.apache.catalina.core.ApplicationContext.log ContextListener: contextInitialized()
05-Feb-2022 20:31:53.120 INFO [main] org.apache.catalina.core.ApplicationContext.log SessionListener: contextInitialized()
05-Feb-2022 20:31:53.120 INFO [main] org.apache.catalina.core.ApplicationContext.log ContextListener: attributeAdded('StockTicker', 'async.Stockticker@2898ac89')
05-Feb-2022 20:32:45.749 INFO [Thread-4] org.apache.catalina.core.ApplicationContext.log SessionListener: contextDestroyed()
05-Feb-2022 20:32:45.750 INFO [Thread-4] org.apache.catalina.core.ApplicationContext.log ContextListener: contextDestroyed()
05-Feb-2022 20:59:21.267 INFO [main] org.apache.catalina.core.ApplicationContext.log ContextListener: contextInitialized()
05-Feb-2022 20:59:21.267 INFO [main] org.apache.catalina.core.ApplicationContext.log SessionListener: contextInitialized()
05-Feb-2022 20:59:21.270 INFO [main] org.apache.catalina.core.ApplicationContext.log ContextListener: attributeAdded('StockTicker', 'async.Stockticker@d21a74c')
05-Feb-2022 20:59:23.114 INFO [Thread-4] org.apache.catalina.core.ApplicationContext.log SessionListener: contextDestroyed()
05-Feb-2022 20:59:23.114 INFO [Thread-4] org.apache.catalina.core.ApplicationContext.log ContextListener: contextDestroyed()
05-Feb-2022 20:59:28.560 INFO [Thread-4] org.apache.catalina.core.ApplicationContext.log SessionListener: contextDestroyed()
05-Feb-2022 20:59:28.560 INFO [Thread-4] org.apache.catalina.core.ApplicationContext.log ContextListener: contextDestroyed()
05-Feb-2022 20:59:33.167 INFO [main] org.apache.catalina.core.ApplicationContext.log ContextListener: contextInitialized()
05-Feb-2022 20:59:33.169 INFO [main] org.apache.catalina.core.ApplicationContext.log SessionListener: contextInitialized()
05-Feb-2022 20:59:33.173 INFO [main] org.apache.catalina.core.ApplicationContext.log ContextListener: attributeAdded('StockTicker', 'async.Stockticker@683dbc2c')
05-Feb-2022 21:04:44.071 INFO [Thread-4] org.apache.catalina.core.ApplicationContext.log SessionListener: contextDestroyed()
05-Feb-2022 21:04:44.071 INFO [Thread-4] org.apache.catalina.core.ApplicationContext.log ContextListener: contextDestroyed()
05-Feb-2022 21:04:48.799 INFO [main] org.apache.catalina.core.ApplicationContext.log ContextListener: contextInitialized()
05-Feb-2022 21:04:48.799 INFO [main] org.apache.catalina.core.ApplicationContext.log SessionListener: contextInitialized()
05-Feb-2022 21:04:48.802 INFO [main] org.apache.catalina.core.ApplicationContext.log ContextListener: attributeAdded('StockTicker', 'async.Stockticker@6e509ffa')
05-Feb-2022 22:05:09.208 INFO [Thread-4] org.apache.catalina.core.ApplicationContext.log SessionListener: contextDestroyed()
05-Feb-2022 22:05:09.208 INFO [Thread-4] org.apache.catalina.core.ApplicationContext.log ContextListener: contextDestroyed()
05-Feb-2022 22:05:18.196 INFO [main] org.apache.catalina.core.ApplicationContext.log ContextListener: contextInitialized()
05-Feb-2022 22:05:18.196 INFO [main] org.apache.catalina.core.ApplicationContext.log SessionListener: contextInitialized()
05-Feb-2022 22:05:18.198 INFO [main] org.apache.catalina.core.ApplicationContext.log ContextListener: attributeAdded('StockTicker', 'async.Stockticker@683dbc2c')
05-Feb-2022 22:05:46.564 INFO [Thread-4] org.apache.catalina.core.ApplicationContext.log SessionListener: contextDestroyed()
05-Feb-2022 22:05:46.565 INFO [Thread-4] org.apache.catalina.core.ApplicationContext.log ContextListener: contextDestroyed()
05-Feb-2022 22:12:06.520 INFO [main] org.apache.catalina.core.ApplicationContext.log ContextListener: contextInitialized()
05-Feb-2022 22:12:06.520 INFO [main] org.apache.catalina.core.ApplicationContext.log SessionListener: contextInitialized()
05-Feb-2022 22:12:06.522 INFO [main] org.apache.catalina.core.ApplicationContext.log ContextListener: attributeAdded('StockTicker', 'async.Stockticker@2898ac89')
05-Feb-2022 22:12:51.172 INFO [Thread-4] org.apache.catalina.core.ApplicationContext.log SessionListener: contextDestroyed()
05-Feb-2022 22:12:51.172 INFO [Thread-4] org.apache.catalina.core.ApplicationContext.log ContextListener: contextDestroyed()
05-Feb-2022 22:18:30.986 INFO [main] org.apache.catalina.core.ApplicationContext.log ContextListener: contextInitialized()
05-Feb-2022 22:18:30.987 INFO [main] org.apache.catalina.core.ApplicationContext.log SessionListener: contextInitialized()
05-Feb-2022 22:18:30.991 INFO [main] org.apache.catalina.core.ApplicationContext.log ContextListener: attributeAdded('StockTicker', 'async.Stockticker@683dbc2c')
05-Feb-2022 22:18:51.941 INFO [Thread-4] org.apache.catalina.core.ApplicationContext.log SessionListener: contextDestroyed()
05-Feb-2022 22:18:51.941 INFO [Thread-4] org.apache.catalina.core.ApplicationContext.log ContextListener: contextDestroyed()
05-Feb-2022 22:20:54.351 INFO [main] org.apache.catalina.core.ApplicationContext.log ContextListener: contextInitialized()
05-Feb-2022 22:20:54.351 INFO [main] org.apache.catalina.core.ApplicationContext.log SessionListener: contextInitialized()
05-Feb-2022 22:20:54.353 INFO [main] org.apache.catalina.core.ApplicationContext.log ContextListener: attributeAdded('StockTicker', 'async.Stockticker@683dbc2c')
05-Feb-2022 22:21:14.003 INFO [Thread-4] org.apache.catalina.core.ApplicationContext.log SessionListener: contextDestroyed()
05-Feb-2022 22:21:14.003 INFO [Thread-4] org.apache.catalina.core.ApplicationContext.log ContextListener: contextDestroyed()
05-Feb-2022 22:23:16.323 INFO [main] org.apache.catalina.core.ApplicationContext.log ContextListener: contextInitialized()
05-Feb-2022 22:23:16.323 INFO [main] org.apache.catalina.core.ApplicationContext.log SessionListener: contextInitialized()
05-Feb-2022 22:23:16.326 INFO [main] org.apache.catalina.core.ApplicationContext.log ContextListener: attributeAdded('StockTicker', 'async.Stockticker@683dbc2c')
05-Feb-2022 22:23:29.392 INFO [Thread-4] org.apache.catalina.core.ApplicationContext.log SessionListener: contextDestroyed()
05-Feb-2022 22:23:29.393 INFO [Thread-4] org.apache.catalina.core.ApplicationContext.log ContextListener: contextDestroyed()
05-Feb-2022 22:25:03.944 INFO [main] org.apache.catalina.core.ApplicationContext.log ContextListener: contextInitialized()
05-Feb-2022 22:25:03.945 INFO [main] org.apache.catalina.core.ApplicationContext.log SessionListener: contextInitialized()
05-Feb-2022 22:25:03.947 INFO [main] org.apache.catalina.core.ApplicationContext.log ContextListener: attributeAdded('StockTicker', 'async.Stockticker@683dbc2c')
05-Feb-2022 22:25:23.048 INFO [Thread-4] org.apache.catalina.core.ApplicationContext.log SessionListener: contextDestroyed()
05-Feb-2022 22:25:23.048 INFO [Thread-4] org.apache.catalina.core.ApplicationContext.log ContextListener: contextDestroyed()
