
2022-02-05 11:08:47 Apache Commons Daemon procrun stderr initialized.
05-Feb-2022 11:08:48.093 INFO [main] org.apache.catalina.startup.VersionLoggerListener.log Server version name:   Apache Tomcat/10.0.16
05-Feb-2022 11:08:48.100 INFO [main] org.apache.catalina.startup.VersionLoggerListener.log Server built:          Jan 15 2022 13:19:56 UTC
05-Feb-2022 11:08:48.100 INFO [main] org.apache.catalina.startup.VersionLoggerListener.log Server version number: 10.0.16.0
05-Feb-2022 11:08:48.100 INFO [main] org.apache.catalina.startup.VersionLoggerListener.log OS Name:               Windows 10
05-Feb-2022 11:08:48.100 INFO [main] org.apache.catalina.startup.VersionLoggerListener.log OS Version:            10.0
05-Feb-2022 11:08:48.101 INFO [main] org.apache.catalina.startup.VersionLoggerListener.log Architecture:          amd64
05-Feb-2022 11:08:48.101 INFO [main] org.apache.catalina.startup.VersionLoggerListener.log Java Home:             C:\Program Files\Java\jre1.8.0_321
05-Feb-2022 11:08:48.101 INFO [main] org.apache.catalina.startup.VersionLoggerListener.log JVM Version:           1.8.0_321-b07
05-Feb-2022 11:08:48.101 INFO [main] org.apache.catalina.startup.VersionLoggerListener.log JVM Vendor:            Oracle Corporation
05-Feb-2022 11:08:48.101 INFO [main] org.apache.catalina.startup.VersionLoggerListener.log CATALINA_BASE:         C:\Program Files\Apache Software Foundation\Tomcat 10.0
05-Feb-2022 11:08:48.101 INFO [main] org.apache.catalina.startup.VersionLoggerListener.log CATALINA_HOME:         C:\Program Files\Apache Software Foundation\Tomcat 10.0
05-Feb-2022 11:08:48.108 INFO [main] org.apache.catalina.startup.VersionLoggerListener.log Command line argument: -Dcatalina.home=C:\Program Files\Apache Software Foundation\Tomcat 10.0
05-Feb-2022 11:08:48.108 INFO [main] org.apache.catalina.startup.VersionLoggerListener.log Command line argument: -Dcatalina.base=C:\Program Files\Apache Software Foundation\Tomcat 10.0
05-Feb-2022 11:08:48.108 INFO [main] org.apache.catalina.startup.VersionLoggerListener.log Command line argument: -Djava.io.tmpdir=C:\Program Files\Apache Software Foundation\Tomcat 10.0\temp
05-Feb-2022 11:08:48.108 INFO [main] org.apache.catalina.startup.VersionLoggerListener.log Command line argument: -Djava.util.logging.manager=org.apache.juli.ClassLoaderLogManager
05-Feb-2022 11:08:48.108 INFO [main] org.apache.catalina.startup.VersionLoggerListener.log Command line argument: -Djava.util.logging.config.file=C:\Program Files\Apache Software Foundation\Tomcat 10.0\conf\logging.properties
05-Feb-2022 11:08:48.108 INFO [main] org.apache.catalina.startup.VersionLoggerListener.log Command line argument: exit
05-Feb-2022 11:08:48.109 INFO [main] org.apache.catalina.startup.VersionLoggerListener.log Command line argument: abort
05-Feb-2022 11:08:48.109 INFO [main] org.apache.catalina.startup.VersionLoggerListener.log Command line argument: -Xms128m
05-Feb-2022 11:08:48.109 INFO [main] org.apache.catalina.startup.VersionLoggerListener.log Command line argument: -Xmx256m
05-Feb-2022 11:08:48.119 INFO [main] org.apache.catalina.core.AprLifecycleListener.lifecycleEvent Loaded Apache Tomcat Native library [1.2.31] using APR version [1.7.0].
05-Feb-2022 11:08:48.119 INFO [main] org.apache.catalina.core.AprLifecycleListener.lifecycleEvent APR capabilities: IPv6 [true], sendfile [true], accept filters [false], random [true], UDS [true].
05-Feb-2022 11:08:48.129 INFO [main] org.apache.catalina.core.AprLifecycleListener.initializeSSL OpenSSL successfully initialized [OpenSSL 1.1.1l  24 Aug 2021]
05-Feb-2022 11:08:48.685 INFO [main] org.apache.coyote.AbstractProtocol.init Initializing ProtocolHandler ["http-nio-8080"]
05-Feb-2022 11:08:48.720 INFO [main] org.apache.catalina.startup.Catalina.load Server initialization in [895] milliseconds
05-Feb-2022 11:08:48.774 INFO [main] org.apache.catalina.core.StandardService.startInternal Starting service [Catalina]
05-Feb-2022 11:08:48.774 INFO [main] org.apache.catalina.core.StandardEngine.startInternal Starting Servlet engine: [Apache Tomcat/10.0.16]
05-Feb-2022 11:08:48.788 INFO [main] org.apache.catalina.startup.HostConfig.deployDirectory Deploying web application directory [C:\Program Files\Apache Software Foundation\Tomcat 10.0\webapps\docs]
05-Feb-2022 11:08:49.461 WARNING [main] org.apache.catalina.util.SessionIdGeneratorBase.createSecureRandom Creation of SecureRandom instance for session ID generation using [SHA1PRNG] took [432] milliseconds.
05-Feb-2022 11:08:49.486 INFO [main] org.apache.catalina.startup.HostConfig.deployDirectory Deployment of web application directory [C:\Program Files\Apache Software Foundation\Tomcat 10.0\webapps\docs] has finished in [697] ms
05-Feb-2022 11:08:49.486 INFO [main] org.apache.catalina.startup.HostConfig.deployDirectory Deploying web application directory [C:\Program Files\Apache Software Foundation\Tomcat 10.0\webapps\examples]
05-Feb-2022 11:08:49.944 INFO [main] org.apache.catalina.startup.HostConfig.deployDirectory Deployment of web application directory [C:\Program Files\Apache Software Foundation\Tomcat 10.0\webapps\examples] has finished in [458] ms
05-Feb-2022 11:08:49.944 INFO [main] org.apache.catalina.startup.HostConfig.deployDirectory Deploying web application directory [C:\Program Files\Apache Software Foundation\Tomcat 10.0\webapps\host-manager]
05-Feb-2022 11:08:49.992 INFO [main] org.apache.catalina.startup.HostConfig.deployDirectory Deployment of web application directory [C:\Program Files\Apache Software Foundation\Tomcat 10.0\webapps\host-manager] has finished in [48] ms
05-Feb-2022 11:08:49.992 INFO [main] org.apache.catalina.startup.HostConfig.deployDirectory Deploying web application directory [C:\Program Files\Apache Software Foundation\Tomcat 10.0\webapps\manager]
05-Feb-2022 11:08:50.027 INFO [main] org.apache.catalina.startup.HostConfig.deployDirectory Deployment of web application directory [C:\Program Files\Apache Software Foundation\Tomcat 10.0\webapps\manager] has finished in [35] ms
05-Feb-2022 11:08:50.028 INFO [main] org.apache.catalina.startup.HostConfig.deployDirectory Deploying web application directory [C:\Program Files\Apache Software Foundation\Tomcat 10.0\webapps\ROOT]
05-Feb-2022 11:08:50.064 INFO [main] org.apache.catalina.startup.HostConfig.deployDirectory Deployment of web application directory [C:\Program Files\Apache Software Foundation\Tomcat 10.0\webapps\ROOT] has finished in [36] ms
05-Feb-2022 11:08:50.069 INFO [main] org.apache.coyote.AbstractProtocol.start Starting ProtocolHandler ["http-nio-8080"]
05-Feb-2022 11:08:50.092 INFO [main] org.apache.catalina.startup.Catalina.start Server startup in [1372] milliseconds
05-Feb-2022 11:29:42.022 INFO [Catalina-utility-1] org.apache.catalina.startup.HostConfig.deployDirectory Deploying web application directory [C:\Program Files\Apache Software Foundation\Tomcat 10.0\webapps\New folder]
05-Feb-2022 11:29:42.062 INFO [Catalina-utility-1] org.apache.catalina.startup.HostConfig.deployDirectory Deployment of web application directory [C:\Program Files\Apache Software Foundation\Tomcat 10.0\webapps\New folder] has finished in [39] ms
05-Feb-2022 11:30:02.593 INFO [Catalina-utility-2] org.apache.catalina.startup.HostConfig.undeploy Undeploying context [/New folder]
05-Feb-2022 11:30:02.624 INFO [Catalina-utility-2] org.apache.catalina.startup.HostConfig.deployDirectory Deploying web application directory [C:\Program Files\Apache Software Foundation\Tomcat 10.0\webapps\webapp]
05-Feb-2022 11:30:02.655 INFO [Catalina-utility-2] org.apache.catalina.startup.HostConfig.deployDirectory Deployment of web application directory [C:\Program Files\Apache Software Foundation\Tomcat 10.0\webapps\webapp] has finished in [31] ms
05-Feb-2022 11:30:43.227 INFO [Catalina-utility-1] org.apache.catalina.startup.HostConfig.undeploy Undeploying context [/webapp]
05-Feb-2022 11:30:43.238 INFO [Catalina-utility-1] org.apache.catalina.startup.HostConfig.deployDirectory Deploying web application directory [C:\Program Files\Apache Software Foundation\Tomcat 10.0\webapps\dev_servlet]
05-Feb-2022 11:30:43.268 INFO [Catalina-utility-1] org.apache.catalina.startup.HostConfig.deployDirectory Deployment of web application directory [C:\Program Files\Apache Software Foundation\Tomcat 10.0\webapps\dev_servlet] has finished in [30] ms
05-Feb-2022 13:21:12.112 INFO [Catalina-utility-2] org.apache.catalina.startup.HostConfig.reload Reloading context [/dev_servlet]
05-Feb-2022 13:21:12.113 INFO [Catalina-utility-2] org.apache.catalina.core.StandardContext.reload Reloading Context with name [/dev_servlet] has started
05-Feb-2022 13:21:12.179 INFO [Catalina-utility-2] org.apache.catalina.core.StandardContext.reload Reloading Context with name [/dev_servlet] is completed
05-Feb-2022 13:24:22.418 INFO [Catalina-utility-2] org.apache.catalina.startup.HostConfig.reload Reloading context [/dev_servlet]
05-Feb-2022 13:24:22.418 INFO [Catalina-utility-2] org.apache.catalina.core.StandardContext.reload Reloading Context with name [/dev_servlet] has started
05-Feb-2022 13:24:22.465 INFO [Catalina-utility-2] org.apache.catalina.core.StandardContext.reload Reloading Context with name [/dev_servlet] is completed
05-Feb-2022 13:33:33.187 INFO [Catalina-utility-1] org.apache.catalina.startup.HostConfig.reload Reloading context [/dev_servlet]
05-Feb-2022 13:33:33.189 INFO [Catalina-utility-1] org.apache.catalina.core.StandardContext.reload Reloading Context with name [/dev_servlet] has started
05-Feb-2022 13:33:33.244 INFO [Catalina-utility-1] org.apache.catalina.core.StandardContext.reload Reloading Context with name [/dev_servlet] is completed
05-Feb-2022 13:35:03.349 INFO [Catalina-utility-2] org.apache.catalina.startup.HostConfig.reload Reloading context [/dev_servlet]
05-Feb-2022 13:35:03.349 INFO [Catalina-utility-2] org.apache.catalina.core.StandardContext.reload Reloading Context with name [/dev_servlet] has started
05-Feb-2022 13:35:03.389 INFO [Catalina-utility-2] org.apache.catalina.core.StandardContext.reload Reloading Context with name [/dev_servlet] is completed
05-Feb-2022 13:37:13.570 INFO [Catalina-utility-1] org.apache.catalina.startup.HostConfig.reload Reloading context [/dev_servlet]
05-Feb-2022 13:37:13.570 INFO [Catalina-utility-1] org.apache.catalina.core.StandardContext.reload Reloading Context with name [/dev_servlet] has started
05-Feb-2022 13:37:13.608 INFO [Catalina-utility-1] org.apache.catalina.core.StandardContext.reload Reloading Context with name [/dev_servlet] is completed
05-Feb-2022 13:43:34.124 INFO [Catalina-utility-1] org.apache.catalina.startup.HostConfig.reload Reloading context [/dev_servlet]
05-Feb-2022 13:43:34.124 INFO [Catalina-utility-1] org.apache.catalina.core.StandardContext.reload Reloading Context with name [/dev_servlet] has started
05-Feb-2022 13:43:34.168 INFO [Catalina-utility-1] org.apache.catalina.core.StandardContext.reload Reloading Context with name [/dev_servlet] is completed
05-Feb-2022 19:34:01.701 INFO [Catalina-utility-2] org.apache.catalina.startup.HostConfig.undeploy Undeploying context [/dev_servlet]
05-Feb-2022 19:34:11.737 INFO [Catalina-utility-1] org.apache.catalina.startup.HostConfig.deployDirectory Deploying web application directory [C:\Program Files\Apache Software Foundation\Tomcat 10.0\webapps\New folder]
05-Feb-2022 19:34:11.784 INFO [Catalina-utility-1] org.apache.catalina.startup.HostConfig.deployDirectory Deployment of web application directory [C:\Program Files\Apache Software Foundation\Tomcat 10.0\webapps\New folder] has finished in [47] ms
05-Feb-2022 19:34:22.293 INFO [Catalina-utility-2] org.apache.catalina.startup.HostConfig.undeploy Undeploying context [/New folder]
05-Feb-2022 19:34:22.293 INFO [Catalina-utility-2] org.apache.catalina.startup.HostConfig.deployDirectory Deploying web application directory [C:\Program Files\Apache Software Foundation\Tomcat 10.0\webapps\servlet]
05-Feb-2022 19:34:22.325 INFO [Catalina-utility-2] org.apache.catalina.startup.HostConfig.deployDirectory Deployment of web application directory [C:\Program Files\Apache Software Foundation\Tomcat 10.0\webapps\servlet] has finished in [32] ms
05-Feb-2022 19:37:02.525 INFO [Catalina-utility-2] org.apache.catalina.startup.HostConfig.reload Reloading context [/servlet]
05-Feb-2022 19:37:02.525 INFO [Catalina-utility-2] org.apache.catalina.core.StandardContext.reload Reloading Context with name [/servlet] has started
05-Feb-2022 19:37:02.584 INFO [Catalina-utility-2] org.apache.catalina.core.StandardContext.reload Reloading Context with name [/servlet] is completed
05-Feb-2022 19:37:52.658 INFO [Catalina-utility-1] org.apache.catalina.startup.HostConfig.reload Reloading context [/servlet]
05-Feb-2022 19:37:52.658 INFO [Catalina-utility-1] org.apache.catalina.core.StandardContext.reload Reloading Context with name [/servlet] has started
05-Feb-2022 19:37:52.689 INFO [Catalina-utility-1] org.apache.catalina.core.StandardContext.reload Reloading Context with name [/servlet] is completed
05-Feb-2022 19:51:23.701 INFO [Catalina-utility-1] org.apache.catalina.startup.HostConfig.reload Reloading context [/servlet]
05-Feb-2022 19:51:23.702 INFO [Catalina-utility-1] org.apache.catalina.core.StandardContext.reload Reloading Context with name [/servlet] has started
05-Feb-2022 19:51:23.734 INFO [Catalina-utility-1] org.apache.catalina.core.StandardContext.reload Reloading Context with name [/servlet] is completed
05-Feb-2022 20:00:24.366 INFO [Catalina-utility-1] org.apache.catalina.startup.HostConfig.reload Reloading context [/servlet]
05-Feb-2022 20:00:24.367 INFO [Catalina-utility-1] org.apache.catalina.core.StandardContext.reload Reloading Context with name [/servlet] has started
05-Feb-2022 20:00:24.393 INFO [Catalina-utility-1] org.apache.catalina.core.StandardContext.reload Reloading Context with name [/servlet] is completed
05-Feb-2022 21:01:08.931 INFO [Catalina-utility-2] org.apache.catalina.startup.HostConfig.reload Reloading context [/servlet]
05-Feb-2022 21:01:08.931 INFO [Catalina-utility-2] org.apache.catalina.core.StandardContext.reload Reloading Context with name [/servlet] has started
05-Feb-2022 21:01:08.974 INFO [Catalina-utility-2] org.apache.catalina.core.StandardContext.reload Reloading Context with name [/servlet] is completed
